2026-03-01 23:05:56.498 [main] INFO  s.i.s.l.c.OrderControllerIntegrationTest - Starting OrderControllerIntegrationTest using Java 25.0.1 with PID 1633 (started by stefanvillegas in /Users/stefanvillegas/IdeaProjects/labb-driftvg)
2026-03-01 23:05:56.514 [main] INFO  s.i.s.l.c.OrderControllerIntegrationTest - No active profile set, falling back to 1 default profile: "default"
2026-03-01 23:06:01.781 [main] INFO  s.i.s.l.c.OrderControllerIntegrationTest - Started OrderControllerIntegrationTest in 5.837 seconds (process running for 7.267)
2026-03-01 23:06:02.758 [main] INFO  s.i.s.l.controller.OrderController - Displaying orders
2026-03-01 23:06:03.159 [main] INFO  s.i.s.l.validator.OrderValidator - Performing order create validation
2026-03-01 23:06:03.161 [main] INFO  s.i.s.l.controller.OrderController - Creating new order
2026-03-01 23:06:03.421 [main] INFO  s.i.s.labbdrift.service.OrderService - Updating order with id: 4
2026-03-01 23:06:03.431 [main] INFO  s.i.s.l.validator.OrderValidator - order update validation started
2026-03-01 23:06:03.444 [main] INFO  s.i.s.l.controller.OrderController - updating order
2026-03-01 23:06:03.460 [main] INFO  s.i.s.labbdrift.service.OrderService - Fetching order with id: 5
2026-03-01 23:06:03.483 [main] INFO  s.i.s.labbdrift.service.OrderService - Fetching order with id: 6
2026-03-01 23:06:03.485 [main] INFO  s.i.s.l.controller.OrderController - Showing order info
2026-03-01 23:06:03.504 [main] INFO  s.i.s.labbdrift.service.OrderService - Deleting order with id: 7
2026-03-01 23:06:03.506 [main] INFO  s.i.s.l.validator.OrderValidator - Performing the validation for order deletion
2026-03-01 23:06:03.506 [main] ERROR s.i.s.l.validator.OrderValidator - Validation did not pass status was pending
2026-03-01 23:06:34.953 [main] INFO  s.i.s.l.c.OrderControllerIntegrationTest - Starting OrderControllerIntegrationTest using Java 25.0.1 with PID 1647 (started by stefanvillegas in /Users/stefanvillegas/IdeaProjects/labb-driftvg)
2026-03-01 23:06:34.954 [main] INFO  s.i.s.l.c.OrderControllerIntegrationTest - No active profile set, falling back to 1 default profile: "default"
2026-03-01 23:06:38.567 [main] INFO  s.i.s.l.c.OrderControllerIntegrationTest - Started OrderControllerIntegrationTest in 4.068 seconds (process running for 5.289)
2026-03-01 23:06:39.221 [main] INFO  s.i.s.labbdrift.service.OrderService - Deleting order with id: 1
2026-03-01 23:06:39.234 [main] INFO  s.i.s.l.validator.OrderValidator - Performing the validation for order deletion
2026-03-01 23:06:39.234 [main] ERROR s.i.s.l.validator.OrderValidator - Validation did not pass status was pending
2026-03-01 23:07:07.024 [main] INFO  s.i.s.l.c.OrderControllerIntegrationTest - Starting OrderControllerIntegrationTest using Java 25.0.1 with PID 1657 (started by stefanvillegas in /Users/stefanvillegas/IdeaProjects/labb-driftvg)
2026-03-01 23:07:07.025 [main] INFO  s.i.s.l.c.OrderControllerIntegrationTest - No active profile set, falling back to 1 default profile: "default"
2026-03-01 23:07:10.569 [main] INFO  s.i.s.l.c.OrderControllerIntegrationTest - Started OrderControllerIntegrationTest in 3.965 seconds (process running for 5.166)
2026-03-01 23:07:11.245 [main] INFO  s.i.s.labbdrift.service.OrderService - Deleting order with id: 1
2026-03-01 23:07:11.258 [main] INFO  s.i.s.l.validator.OrderValidator - Performing the validation for order deletion
2026-03-01 23:07:11.269 [main] INFO  s.i.s.l.controller.OrderController - Deleting order
2026-03-01 23:08:49.141 [main] INFO  s.i.s.l.c.OrderControllerIntegrationTest - Starting OrderControllerIntegrationTest using Java 25.0.1 with PID 1677 (started by stefanvillegas in /Users/stefanvillegas/IdeaProjects/labb-driftvg)
2026-03-01 23:08:49.143 [main] INFO  s.i.s.l.c.OrderControllerIntegrationTest - No active profile set, falling back to 1 default profile: "default"
2026-03-01 23:08:52.773 [main] INFO  s.i.s.l.c.OrderControllerIntegrationTest - Started OrderControllerIntegrationTest in 4.069 seconds (process running for 5.273)
2026-03-01 23:08:53.431 [main] INFO  s.i.s.l.controller.OrderController - Displaying orders
2026-03-01 23:11:45.471 [main] INFO  s.i.s.l.c.OrderControllerIntegrationTest - Starting OrderControllerIntegrationTest using Java 25.0.1 with PID 1702 (started by stefanvillegas in /Users/stefanvillegas/IdeaProjects/labb-driftvg)
2026-03-01 23:11:45.473 [main] INFO  s.i.s.l.c.OrderControllerIntegrationTest - No active profile set, falling back to 1 default profile: "default"
2026-03-01 23:11:48.966 [main] INFO  s.i.s.l.c.OrderControllerIntegrationTest - Started OrderControllerIntegrationTest in 3.91 seconds (process running for 5.107)
2026-03-01 23:11:49.647 [main] INFO  s.i.s.l.controller.OrderController - Displaying orders
2026-03-01 23:13:55.779 [main] INFO  s.i.s.l.c.OrderControllerIntegrationTest - Starting OrderControllerIntegrationTest using Java 25.0.1 with PID 1721 (started by stefanvillegas in /Users/stefanvillegas/IdeaProjects/labb-driftvg)
2026-03-01 23:13:55.781 [main] INFO  s.i.s.l.c.OrderControllerIntegrationTest - No active profile set, falling back to 1 default profile: "default"
2026-03-01 23:13:59.370 [main] INFO  s.i.s.l.c.OrderControllerIntegrationTest - Started OrderControllerIntegrationTest in 4.021 seconds (process running for 5.189)
2026-03-01 23:13:59.990 [main] INFO  s.i.s.l.validator.OrderValidator - Performing order create validation
2026-03-01 23:14:00.030 [main] INFO  s.i.s.l.controller.OrderController - Creating new order
2026-03-01 23:14:00.048 [main] INFO  s.i.s.l.validator.OrderValidator - Performing order create validation
2026-03-01 23:14:00.049 [main] INFO  s.i.s.l.controller.OrderController - Creating new order
2026-03-01 23:14:11.565 [main] INFO  s.i.s.l.c.OrderControllerIntegrationTest - Starting OrderControllerIntegrationTest using Java 25.0.1 with PID 1730 (started by stefanvillegas in /Users/stefanvillegas/IdeaProjects/labb-driftvg)
2026-03-01 23:14:11.567 [main] INFO  s.i.s.l.c.OrderControllerIntegrationTest - No active profile set, falling back to 1 default profile: "default"
2026-03-01 23:14:15.245 [main] INFO  s.i.s.l.c.OrderControllerIntegrationTest - Started OrderControllerIntegrationTest in 4.133 seconds (process running for 5.351)
2026-03-01 23:14:15.899 [main] INFO  s.i.s.l.validator.OrderValidator - Performing order create validation
2026-03-01 23:14:15.948 [main] INFO  s.i.s.l.controller.OrderController - Creating new order
2026-03-01 23:14:15.968 [main] INFO  s.i.s.l.validator.OrderValidator - Performing order create validation
2026-03-01 23:14:15.971 [main] INFO  s.i.s.l.controller.OrderController - Creating new order
2026-03-01 23:16:42.144 [main] INFO  s.i.s.l.c.OrderControllerIntegrationTest - Starting OrderControllerIntegrationTest using Java 25.0.1 with PID 1744 (started by stefanvillegas in /Users/stefanvillegas/IdeaProjects/labb-driftvg)
2026-03-01 23:16:42.146 [main] INFO  s.i.s.l.c.OrderControllerIntegrationTest - No active profile set, falling back to 1 default profile: "default"
2026-03-01 23:16:45.905 [main] INFO  s.i.s.l.c.OrderControllerIntegrationTest - Started OrderControllerIntegrationTest in 4.214 seconds (process running for 5.425)
2026-03-01 23:16:46.593 [main] INFO  s.i.s.labbdrift.service.OrderService - Fetching order with id: 1
2026-03-01 23:17:18.606 [main] INFO  s.i.s.l.c.OrderControllerIntegrationTest - Starting OrderControllerIntegrationTest using Java 25.0.1 with PID 1760 (started by stefanvillegas in /Users/stefanvillegas/IdeaProjects/labb-driftvg)
2026-03-01 23:17:18.608 [main] INFO  s.i.s.l.c.OrderControllerIntegrationTest - No active profile set, falling back to 1 default profile: "default"
2026-03-01 23:17:23.060 [main] INFO  s.i.s.l.c.OrderControllerIntegrationTest - Started OrderControllerIntegrationTest in 5.009 seconds (process running for 6.244)
2026-03-01 23:17:23.883 [main] INFO  s.i.s.labbdrift.service.OrderService - Updating order with id: 1
2026-03-01 23:17:23.895 [main] INFO  s.i.s.l.validator.OrderValidator - order update validation started
2026-03-01 23:17:23.910 [main] INFO  s.i.s.l.controller.OrderController - updating order
